[2022-12-04 19:20:36,941] {taskinstance.py:1159} INFO - Dependencies all met for <TaskInstance: first_dag.sum_column_task manual__2022-12-04T19:20:34.067265+00:00 [queued]>
[2022-12-04 19:20:37,010] {taskinstance.py:1159} INFO - Dependencies all met for <TaskInstance: first_dag.sum_column_task manual__2022-12-04T19:20:34.067265+00:00 [queued]>
[2022-12-04 19:20:37,011] {taskinstance.py:1356} INFO - 
--------------------------------------------------------------------------------
[2022-12-04 19:20:37,015] {taskinstance.py:1357} INFO - Starting attempt 1 of 1
[2022-12-04 19:20:37,030] {taskinstance.py:1358} INFO - 
--------------------------------------------------------------------------------
[2022-12-04 19:20:37,139] {taskinstance.py:1377} INFO - Executing <Task(PythonOperator): sum_column_task> on 2022-12-04 19:20:34.067265+00:00
[2022-12-04 19:20:37,167] {standard_task_runner.py:52} INFO - Started process 285 to run task
[2022-12-04 19:20:37,188] {standard_task_runner.py:79} INFO - Running: ['***', 'tasks', 'run', 'first_dag', 'sum_column_task', 'manual__2022-12-04T19:20:34.067265+00:00', '--job-id', '246', '--raw', '--subdir', 'DAGS_FOLDER/first-dag.py', '--cfg-path', '/tmp/tmpz_52sx4j', '--error-file', '/tmp/tmpa00oalr7']
[2022-12-04 19:20:37,193] {standard_task_runner.py:80} INFO - Job 246: Subtask sum_column_task
[2022-12-04 19:20:37,622] {task_command.py:369} INFO - Running <TaskInstance: first_dag.sum_column_task manual__2022-12-04T19:20:34.067265+00:00 [running]> on host 4393b4454aa8
[2022-12-04 19:20:37,917] {taskinstance.py:1571} INFO - Exporting the following env vars:
AIRFLOW_CTX_DAG_OWNER=***
AIRFLOW_CTX_DAG_ID=first_dag
AIRFLOW_CTX_TASK_ID=sum_column_task
AIRFLOW_CTX_EXECUTION_DATE=2022-12-04T19:20:34.067265+00:00
AIRFLOW_CTX_TRY_NUMBER=1
AIRFLOW_CTX_DAG_RUN_ID=manual__2022-12-04T19:20:34.067265+00:00
[2022-12-04 19:20:38,032] {taskinstance.py:1889} ERROR - Task failed with exception
Traceback (most recent call last):
  File "/home/airflow/.local/lib/python3.7/site-packages/airflow/operators/python.py", line 171, in execute
    return_value = self.execute_callable()
  File "/home/airflow/.local/lib/python3.7/site-packages/airflow/operators/python.py", line 189, in execute_callable
    return self.python_callable(*self.op_args, **self.op_kwargs)
  File "/opt/airflow/dags/first-dag.py", line 28, in sum_column_and_diff
    , map(lambda x: x.split(" "), (0, 0), lines)))
TypeError: <lambda>() takes 1 positional argument but 2 were given
[2022-12-04 19:20:38,080] {taskinstance.py:1400} INFO - Marking task as FAILED. dag_id=first_dag, task_id=sum_column_task, execution_date=20221204T192034, start_date=20221204T192036, end_date=20221204T192038
[2022-12-04 19:20:38,111] {standard_task_runner.py:97} ERROR - Failed to execute job 246 for task sum_column_task (<lambda>() takes 1 positional argument but 2 were given; 285)
[2022-12-04 19:20:38,134] {local_task_job.py:156} INFO - Task exited with return code 1
[2022-12-04 19:20:38,379] {local_task_job.py:273} INFO - 0 downstream tasks scheduled from follow-on schedule check
