[2022-12-04 19:14:07,652] {taskinstance.py:1159} INFO - Dependencies all met for <TaskInstance: first_dag.sum_column_task manual__2022-12-04T19:14:00.177104+00:00 [queued]>
[2022-12-04 19:14:07,669] {taskinstance.py:1159} INFO - Dependencies all met for <TaskInstance: first_dag.sum_column_task manual__2022-12-04T19:14:00.177104+00:00 [queued]>
[2022-12-04 19:14:07,670] {taskinstance.py:1356} INFO - 
--------------------------------------------------------------------------------
[2022-12-04 19:14:07,673] {taskinstance.py:1357} INFO - Starting attempt 1 of 1
[2022-12-04 19:14:07,674] {taskinstance.py:1358} INFO - 
--------------------------------------------------------------------------------
[2022-12-04 19:14:07,703] {taskinstance.py:1377} INFO - Executing <Task(PythonOperator): sum_column_task> on 2022-12-04 19:14:00.177104+00:00
[2022-12-04 19:14:07,708] {standard_task_runner.py:52} INFO - Started process 196 to run task
[2022-12-04 19:14:07,719] {standard_task_runner.py:79} INFO - Running: ['***', 'tasks', 'run', 'first_dag', 'sum_column_task', 'manual__2022-12-04T19:14:00.177104+00:00', '--job-id', '237', '--raw', '--subdir', 'DAGS_FOLDER/first-dag.py', '--cfg-path', '/tmp/tmpp21uqh2a', '--error-file', '/tmp/tmp7dcygknj']
[2022-12-04 19:14:07,722] {standard_task_runner.py:80} INFO - Job 237: Subtask sum_column_task
[2022-12-04 19:14:07,820] {task_command.py:369} INFO - Running <TaskInstance: first_dag.sum_column_task manual__2022-12-04T19:14:00.177104+00:00 [running]> on host 4393b4454aa8
[2022-12-04 19:14:07,950] {taskinstance.py:1571} INFO - Exporting the following env vars:
AIRFLOW_CTX_DAG_OWNER=***
AIRFLOW_CTX_DAG_ID=first_dag
AIRFLOW_CTX_TASK_ID=sum_column_task
AIRFLOW_CTX_EXECUTION_DATE=2022-12-04T19:14:00.177104+00:00
AIRFLOW_CTX_TRY_NUMBER=1
AIRFLOW_CTX_DAG_RUN_ID=manual__2022-12-04T19:14:00.177104+00:00
[2022-12-04 19:14:07,978] {taskinstance.py:1889} ERROR - Task failed with exception
Traceback (most recent call last):
  File "/home/airflow/.local/lib/python3.7/site-packages/airflow/operators/python.py", line 171, in execute
    return_value = self.execute_callable()
  File "/home/airflow/.local/lib/python3.7/site-packages/airflow/operators/python.py", line 189, in execute_callable
    return self.python_callable(*self.op_args, **self.op_kwargs)
  File "/opt/airflow/dags/first-dag.py", line 28, in sum_column_and_diff
    , map(lambda x: x.split(" "), (0, 0), lines)))
TypeError: <lambda>() takes 1 positional argument but 2 were given
[2022-12-04 19:14:08,014] {taskinstance.py:1400} INFO - Marking task as FAILED. dag_id=first_dag, task_id=sum_column_task, execution_date=20221204T191400, start_date=20221204T191407, end_date=20221204T191408
[2022-12-04 19:14:08,040] {standard_task_runner.py:97} ERROR - Failed to execute job 237 for task sum_column_task (<lambda>() takes 1 positional argument but 2 were given; 196)
[2022-12-04 19:14:08,092] {local_task_job.py:156} INFO - Task exited with return code 1
[2022-12-04 19:14:08,171] {local_task_job.py:273} INFO - 0 downstream tasks scheduled from follow-on schedule check
