[2022-12-11 14:18:00,792] {taskinstance.py:1159} INFO - Dependencies all met for <TaskInstance: first_dag.sum_column_task scheduled__2022-12-11T14:17:00+00:00 [queued]>
[2022-12-11 14:18:00,814] {taskinstance.py:1159} INFO - Dependencies all met for <TaskInstance: first_dag.sum_column_task scheduled__2022-12-11T14:17:00+00:00 [queued]>
[2022-12-11 14:18:00,818] {taskinstance.py:1356} INFO - 
--------------------------------------------------------------------------------
[2022-12-11 14:18:00,820] {taskinstance.py:1357} INFO - Starting attempt 1 of 1
[2022-12-11 14:18:00,821] {taskinstance.py:1358} INFO - 
--------------------------------------------------------------------------------
[2022-12-11 14:18:00,875] {taskinstance.py:1377} INFO - Executing <Task(PythonOperator): sum_column_task> on 2022-12-11 14:17:00+00:00
[2022-12-11 14:18:00,884] {standard_task_runner.py:52} INFO - Started process 528 to run task
[2022-12-11 14:18:00,897] {standard_task_runner.py:79} INFO - Running: ['***', 'tasks', 'run', 'first_dag', 'sum_column_task', 'scheduled__2022-12-11T14:17:00+00:00', '--job-id', '407', '--raw', '--subdir', 'DAGS_FOLDER/first-dag.py', '--cfg-path', '/tmp/tmp7xhxv6to', '--error-file', '/tmp/tmpasxr76z8']
[2022-12-11 14:18:00,902] {standard_task_runner.py:80} INFO - Job 407: Subtask sum_column_task
[2022-12-11 14:18:01,071] {task_command.py:369} INFO - Running <TaskInstance: first_dag.sum_column_task scheduled__2022-12-11T14:17:00+00:00 [running]> on host 7e39590a7807
[2022-12-11 14:18:01,297] {taskinstance.py:1571} INFO - Exporting the following env vars:
AIRFLOW_CTX_DAG_OWNER=***
AIRFLOW_CTX_DAG_ID=first_dag
AIRFLOW_CTX_TASK_ID=sum_column_task
AIRFLOW_CTX_EXECUTION_DATE=2022-12-11T14:17:00+00:00
AIRFLOW_CTX_TRY_NUMBER=1
AIRFLOW_CTX_DAG_RUN_ID=scheduled__2022-12-11T14:17:00+00:00
[2022-12-11 14:18:01,302] {taskinstance.py:1889} ERROR - Task failed with exception
Traceback (most recent call last):
  File "/home/airflow/.local/lib/python3.7/site-packages/airflow/operators/python.py", line 171, in execute
    return_value = self.execute_callable()
  File "/home/airflow/.local/lib/python3.7/site-packages/airflow/operators/python.py", line 189, in execute_callable
    return self.python_callable(*self.op_args, **self.op_kwargs)
TypeError: sum_column_and_diff() missing 1 required positional argument: 'path'
[2022-12-11 14:18:01,323] {taskinstance.py:1400} INFO - Marking task as FAILED. dag_id=first_dag, task_id=sum_column_task, execution_date=20221211T141700, start_date=20221211T141800, end_date=20221211T141801
[2022-12-11 14:18:01,377] {standard_task_runner.py:97} ERROR - Failed to execute job 407 for task sum_column_task (sum_column_and_diff() missing 1 required positional argument: 'path'; 528)
[2022-12-11 14:18:01,438] {local_task_job.py:156} INFO - Task exited with return code 1
[2022-12-11 14:18:01,558] {local_task_job.py:273} INFO - 0 downstream tasks scheduled from follow-on schedule check
