[2022-12-11 20:20:14,009] {taskinstance.py:1159} INFO - Dependencies all met for <TaskInstance: first_dag.insert_data manual__2022-12-11T20:18:58.394555+00:00 [queued]>
[2022-12-11 20:20:14,024] {taskinstance.py:1159} INFO - Dependencies all met for <TaskInstance: first_dag.insert_data manual__2022-12-11T20:18:58.394555+00:00 [queued]>
[2022-12-11 20:20:14,025] {taskinstance.py:1356} INFO - 
--------------------------------------------------------------------------------
[2022-12-11 20:20:14,026] {taskinstance.py:1357} INFO - Starting attempt 1 of 1
[2022-12-11 20:20:14,027] {taskinstance.py:1358} INFO - 
--------------------------------------------------------------------------------
[2022-12-11 20:20:14,045] {taskinstance.py:1377} INFO - Executing <Task(PythonOperator): insert_data> on 2022-12-11 20:18:58.394555+00:00
[2022-12-11 20:20:14,050] {standard_task_runner.py:52} INFO - Started process 5747 to run task
[2022-12-11 20:20:14,057] {standard_task_runner.py:79} INFO - Running: ['***', 'tasks', 'run', 'first_dag', 'insert_data', 'manual__2022-12-11T20:18:58.394555+00:00', '--job-id', '1378', '--raw', '--subdir', 'DAGS_FOLDER/first-dag.py', '--cfg-path', '/tmp/tmpvesd76qv', '--error-file', '/tmp/tmpw3sj5d43']
[2022-12-11 20:20:14,060] {standard_task_runner.py:80} INFO - Job 1378: Subtask insert_data
[2022-12-11 20:20:14,142] {task_command.py:369} INFO - Running <TaskInstance: first_dag.insert_data manual__2022-12-11T20:18:58.394555+00:00 [running]> on host 7e39590a7807
[2022-12-11 20:20:14,255] {taskinstance.py:1571} INFO - Exporting the following env vars:
AIRFLOW_CTX_DAG_OWNER=***
AIRFLOW_CTX_DAG_ID=first_dag
AIRFLOW_CTX_TASK_ID=insert_data
AIRFLOW_CTX_EXECUTION_DATE=2022-12-11T20:18:58.394555+00:00
AIRFLOW_CTX_TRY_NUMBER=1
AIRFLOW_CTX_DAG_RUN_ID=manual__2022-12-11T20:18:58.394555+00:00
[2022-12-11 20:20:14,257] {taskinstance.py:1889} ERROR - Task failed with exception
Traceback (most recent call last):
  File "/home/airflow/.local/lib/python3.7/site-packages/airflow/operators/python.py", line 171, in execute
    return_value = self.execute_callable()
  File "/home/airflow/.local/lib/python3.7/site-packages/airflow/operators/python.py", line 189, in execute_callable
    return self.python_callable(*self.op_args, **self.op_kwargs)
TypeError: insert_data_to_db() missing 1 required positional argument: 'line'
[2022-12-11 20:20:14,272] {taskinstance.py:1400} INFO - Marking task as FAILED. dag_id=first_dag, task_id=insert_data, execution_date=20221211T201858, start_date=20221211T202014, end_date=20221211T202014
[2022-12-11 20:20:14,296] {standard_task_runner.py:97} ERROR - Failed to execute job 1378 for task insert_data (insert_data_to_db() missing 1 required positional argument: 'line'; 5747)
[2022-12-11 20:20:14,315] {local_task_job.py:156} INFO - Task exited with return code 1
[2022-12-11 20:20:14,364] {local_task_job.py:273} INFO - 0 downstream tasks scheduled from follow-on schedule check
