[2022-12-11 14:19:00,817] {taskinstance.py:1159} INFO - Dependencies all met for <TaskInstance: first_dag.sum_column_task scheduled__2022-12-11T14:18:00+00:00 [queued]>
[2022-12-11 14:19:00,841] {taskinstance.py:1159} INFO - Dependencies all met for <TaskInstance: first_dag.sum_column_task scheduled__2022-12-11T14:18:00+00:00 [queued]>
[2022-12-11 14:19:00,843] {taskinstance.py:1356} INFO - 
--------------------------------------------------------------------------------
[2022-12-11 14:19:00,844] {taskinstance.py:1357} INFO - Starting attempt 1 of 1
[2022-12-11 14:19:00,846] {taskinstance.py:1358} INFO - 
--------------------------------------------------------------------------------
[2022-12-11 14:19:00,866] {taskinstance.py:1377} INFO - Executing <Task(PythonOperator): sum_column_task> on 2022-12-11 14:18:00+00:00
[2022-12-11 14:19:00,871] {standard_task_runner.py:52} INFO - Started process 550 to run task
[2022-12-11 14:19:00,895] {standard_task_runner.py:79} INFO - Running: ['***', 'tasks', 'run', 'first_dag', 'sum_column_task', 'scheduled__2022-12-11T14:18:00+00:00', '--job-id', '413', '--raw', '--subdir', 'DAGS_FOLDER/first-dag.py', '--cfg-path', '/tmp/tmpcibahdrq', '--error-file', '/tmp/tmponhqkj07']
[2022-12-11 14:19:00,898] {standard_task_runner.py:80} INFO - Job 413: Subtask sum_column_task
[2022-12-11 14:19:01,018] {task_command.py:369} INFO - Running <TaskInstance: first_dag.sum_column_task scheduled__2022-12-11T14:18:00+00:00 [running]> on host 7e39590a7807
[2022-12-11 14:19:01,279] {taskinstance.py:1571} INFO - Exporting the following env vars:
AIRFLOW_CTX_DAG_OWNER=***
AIRFLOW_CTX_DAG_ID=first_dag
AIRFLOW_CTX_TASK_ID=sum_column_task
AIRFLOW_CTX_EXECUTION_DATE=2022-12-11T14:18:00+00:00
AIRFLOW_CTX_TRY_NUMBER=1
AIRFLOW_CTX_DAG_RUN_ID=scheduled__2022-12-11T14:18:00+00:00
[2022-12-11 14:19:01,284] {taskinstance.py:1889} ERROR - Task failed with exception
Traceback (most recent call last):
  File "/home/airflow/.local/lib/python3.7/site-packages/airflow/operators/python.py", line 171, in execute
    return_value = self.execute_callable()
  File "/home/airflow/.local/lib/python3.7/site-packages/airflow/operators/python.py", line 189, in execute_callable
    return self.python_callable(*self.op_args, **self.op_kwargs)
TypeError: sum_column_and_diff() missing 1 required positional argument: 'path'
[2022-12-11 14:19:01,311] {taskinstance.py:1400} INFO - Marking task as FAILED. dag_id=first_dag, task_id=sum_column_task, execution_date=20221211T141800, start_date=20221211T141900, end_date=20221211T141901
[2022-12-11 14:19:01,333] {standard_task_runner.py:97} ERROR - Failed to execute job 413 for task sum_column_task (sum_column_and_diff() missing 1 required positional argument: 'path'; 550)
[2022-12-11 14:19:01,356] {local_task_job.py:156} INFO - Task exited with return code 1
[2022-12-11 14:19:01,446] {local_task_job.py:273} INFO - 0 downstream tasks scheduled from follow-on schedule check
